{
  "RSpec": {
    "coverage": {
      "/Users/williampetty/turing/mod2/projects/little-shop/spec/features/user_show_page_spec.rb": [
        1,
        null,
        1,
        1,
        1,
        1,
        null,
        null,
        1,
        null,
        1,
        1,
        1,
        1,
        1,
        1,
        null,
        1,
        null,
        null,
        null
      ],
      "/Users/williampetty/turing/mod2/projects/little-shop/spec/features/visitor_sees_nav_bar_spec.rb": [
        1,
        null,
        null,
        null,
        null,
        null,
        null,
        null,
        null,
        null,
        1,
        1,
        1,
        1,
        null,
        1,
        1,
        1,
        1,
        1,
        1,
        1,
        null,
        null,
        1,
        1,
        1,
        1,
        null,
        null,
        1,
        null,
        1,
        1,
        null,
        null,
        1,
        null,
        1,
        1,
        null,
        null,
        1,
        null,
        1,
        1,
        null,
        null,
        1,
        null,
        1,
        1,
        null,
        null,
        1,
        null,
        1,
        1,
        null,
        null,
        1,
        null,
        1,
        1,
        null,
        1,
        1,
        null,
        null,
        null,
        null
      ],
      "/Users/williampetty/turing/mod2/projects/little-shop/spec/models/item_spec.rb": [
        1,
        null,
        1,
        1,
        2,
        2,
        2,
        null,
        null,
        1,
        2,
        2,
        2,
        2,
        2,
        2,
        2,
        null,
        null
      ],
      "/Users/williampetty/turing/mod2/projects/little-shop/app/models/item.rb": [
        1,
        1,
        null,
        null,
        1,
        null,
        1,
        1,
        null
      ],
      "/Users/williampetty/turing/mod2/projects/little-shop/app/models/application_record.rb": [
        1,
        1,
        null
      ],
      "/Users/williampetty/turing/mod2/projects/little-shop/spec/models/order_item_spec.rb": [
        1,
        null,
        1,
        1,
        2,
        2,
        null,
        null,
        1,
        2,
        2,
        2,
        2,
        2,
        null,
        null
      ],
      "/Users/williampetty/turing/mod2/projects/little-shop/app/models/order_item.rb": [
        1,
        1,
        null,
        1,
        1,
        null
      ],
      "/Users/williampetty/turing/mod2/projects/little-shop/spec/models/order_spec.rb": [
        1,
        null,
        1,
        1,
        2,
        2,
        2,
        null,
        null,
        1,
        2,
        2,
        null,
        null,
        null
      ],
      "/Users/williampetty/turing/mod2/projects/little-shop/app/models/order.rb": [
        1,
        1,
        null,
        1,
        null,
        1,
        1,
        null
      ],
      "/Users/williampetty/turing/mod2/projects/little-shop/spec/models/user_spec.rb": [
        1,
        null,
        1,
        1,
        2,
        2,
        null,
        1,
        2,
        2,
        2,
        2,
        2,
        2,
        2,
        2,
        2,
        null,
        null
      ],
      "/Users/williampetty/turing/mod2/projects/little-shop/app/models/user.rb": [
        1,
        1,
        null,
        null,
        1,
        1,
        null
      ],
      "/Users/williampetty/turing/mod2/projects/little-shop/app/controllers/users_controller.rb": [
        1,
        1,
        null,
        null,
        null,
        1,
        1,
        null,
        null,
        1,
        null,
        null,
        null
      ],
      "/Users/williampetty/turing/mod2/projects/little-shop/app/controllers/application_controller.rb": [
        1,
        1,
        null
      ],
      "/Users/williampetty/turing/mod2/projects/little-shop/app/controllers/items_controller.rb": [
        1,
        null,
        1,
        null,
        null,
        null
      ],
      "/Users/williampetty/turing/mod2/projects/little-shop/app/controllers/welcome_controller.rb": [
        1,
        null,
        1,
        null,
        null,
        null,
        null
      ],
      "/Users/williampetty/turing/mod2/projects/little-shop/app/controllers/carts_controller.rb": [
        1,
        1,
        null,
        null,
        null
      ],
      "/Users/williampetty/turing/mod2/projects/little-shop/app/controllers/sessions_controller.rb": [
        1,
        1,
        null,
        null,
        null
      ]
    },
    "timestamp": 1545087056
  }
}
