{
  "RSpec": {
    "coverage": {
      "/Users/williampetty/turing/mod2/projects/little-shop/spec/features/user_show_page_spec.rb": [
        1,
        null,
        1,
        1,
        1,
        1,
        null,
        null,
        1,
        null,
        0,
        0,
        0,
        0,
        0,
        0,
        null,
        0,
        null,
        null,
        null
      ],
      "/Users/williampetty/turing/mod2/projects/little-shop/spec/models/item_spec.rb": [
        1,
        null,
        1,
        1,
        2,
        2,
        2,
        null,
        null,
        1,
        2,
        2,
        2,
        2,
        2,
        2,
        2,
        null,
        null
      ],
      "/Users/williampetty/turing/mod2/projects/little-shop/app/models/item.rb": [
        1,
        1,
        null,
        null,
        1,
        null,
        1,
        1,
        null
      ],
      "/Users/williampetty/turing/mod2/projects/little-shop/app/models/application_record.rb": [
        1,
        1,
        null
      ],
      "/Users/williampetty/turing/mod2/projects/little-shop/spec/models/order_item_spec.rb": [
        1,
        null,
        1,
        1,
        2,
        2,
        null,
        null,
        1,
        2,
        2,
        2,
        2,
        2,
        null,
        null
      ],
      "/Users/williampetty/turing/mod2/projects/little-shop/app/models/order_item.rb": [
        1,
        1,
        null,
        1,
        1,
        null
      ],
      "/Users/williampetty/turing/mod2/projects/little-shop/spec/models/order_spec.rb": [
        1,
        null,
        1,
        1,
        2,
        2,
        2,
        null,
        null,
        1,
        2,
        2,
        null,
        null,
        null
      ],
      "/Users/williampetty/turing/mod2/projects/little-shop/app/models/order.rb": [
        1,
        1,
        null,
        1,
        null,
        1,
        1,
        null
      ],
      "/Users/williampetty/turing/mod2/projects/little-shop/spec/models/user_spec.rb": [
        1,
        null,
        1,
        1,
        2,
        2,
        null,
        1,
        2,
        2,
        2,
        2,
        2,
        2,
        2,
        2,
        2,
        null,
        null
      ],
      "/Users/williampetty/turing/mod2/projects/little-shop/app/models/user.rb": [
        1,
        1,
        null,
        null,
        1,
        1,
        null
      ]
    },
    "timestamp": 1545086002
  }
}
